<?xml version="1.0" encoding="UTF-8" ?>
<testsuite tests="45" failures="0" name="sg.gov.hpb.cprms.iquit.TestRunner" time="0.125" errors="14" skipped="0">
  <properties>
    <property name="java.runtime.name" value="Java(TM) SE Runtime Environment"/>
    <property name="java.vm.version" value="9+181"/>
    <property name="sun.boot.library.path" value="C:\Program Files\Java\jdk-9\bin"/>
    <property name="maven.multiModuleProjectDirectory" value="C:\Users\Jeffrey\Documents\GitHub\cprmsiquit"/>
    <property name="java.vm.vendor" value="Oracle Corporation"/>
    <property name="java.vendor.url" value="http://java.oracle.com/"/>
    <property name="guice.disable.misplaced.annotation.check" value="true"/>
    <property name="path.separator" value=";"/>
    <property name="java.vm.name" value="Java HotSpot(TM) 64-Bit Server VM"/>
    <property name="file.encoding.pkg" value="sun.io"/>
    <property name="sun.os.patch.level" value=""/>
    <property name="user.script" value=""/>
    <property name="user.country" value="US"/>
    <property name="sun.java.launcher" value="SUN_STANDARD"/>
    <property name="java.vm.specification.name" value="Java Virtual Machine Specification"/>
    <property name="user.dir" value="C:\Users\Jeffrey\Documents\GitHub\cprmsiquit"/>
    <property name="java.vm.compressedOopsMode" value="32-bit"/>
    <property name="java.runtime.version" value="9+181"/>
    <property name="java.awt.graphicsenv" value="sun.awt.Win32GraphicsEnvironment"/>
    <property name="os.arch" value="amd64"/>
    <property name="java.io.tmpdir" value="C:\Users\Jeffrey\AppData\Local\Temp\"/>
    <property name="line.separator" value="
"/>
    <property name="java.vm.specification.vendor" value="Oracle Corporation"/>
    <property name="user.variant" value=""/>
    <property name="os.name" value="Windows 10"/>
    <property name="classworlds.conf" value="C:\Users\Jeffrey\Documents\Projects\maven\bin\..\bin\m2.conf"/>
    <property name="sun.jnu.encoding" value="Cp1252"/>
    <property name="java.library.path" value="C:\Program Files\Java\jdk-9\bin;C:\WINDOWS\Sun\Java\bin;C:\WINDOWS\system32;C:\WINDOWS;C:\ProgramData\Oracle\Java\javapath;C:\Program Files\Common Files\microsoft shared\Microsoft Online Services;C:\Program Files (x86)\Common Files\Microsoft Shared\Microsoft Online Services;C:\Program Files (x86)\Intel\iCLS Client\;C:\Program Files\Intel\iCLS Client\;C:\Program Files (x86)\NVIDIA Corporation\PhysX\Common;C:\Windows\System32;C:\Windows;C:\Windows\System32\wbem;C:\Windows\System32\WindowsPowerShell\v1.0\;C:\Program Files (x86)\Intel\OpenCL SDK\2.0\bin\x86;C:\Program Files (x86)\Intel\OpenCL SDK\2.0\bin\x64;C:\Program Files\Intel\Intel(R) Management Engine Components\DAL;C:\Program Files\Intel\Intel(R) Management Engine Components\IPT;C:\Program Files (x86)\Intel\Intel(R) Management Engine Components\DAL;C:\Program Files (x86)\Intel\Intel(R) Management Engine Components\IPT;C:\Program Files (x86)\EgisTec MyWinLocker\x64;C:\Program Files (x86)\EgisTec MyWinLocker\;C:\Program Files (x86)\Windows Live\Shared;C:\Program Files\Microsoft SQL Server\110\Tools\Binn\;C:\Program Files\Microsoft SQL Server\120\Tools\Binn\;C:\Program Files (x86)\Bitvise SSH Client;C:\WINDOWS\system32\config\systemprofile\.dnx\bin;C:\Program Files\Microsoft DNX\Dnvm\;C:\Program Files\Microsoft SQL Server\130\Tools\Binn\;C:\Program Files (x86)\Brackets\command;C:\Program Files\Gauge\bin;C:\Program Files\PuTTY\;C:\ProgramData\Anaconda3;C:\ProgramData\Anaconda3\Scripts;C:\ProgramData\Anaconda3\Library\bin;C:\Program Files\Git\cmd;C:\Program Files (x86)\GnuPG\bin;C:\Program Files\nodejs\;C:\WINDOWS\system32;C:\WINDOWS;C:\WINDOWS\System32\Wbem;C:\WINDOWS\System32\WindowsPowerShell\v1.0\;C:\WINDOWS\System32\OpenSSH\;C:\Users\Jeffrey\Anaconda3;C:\Users\Jeffrey\Anaconda3\Scripts;C:\Users\Jeffrey\Anaconda3\Library\bin;C:\Ruby23-x64\bin;C:\Program Files (x86)\Nmap;C:\Program Files (x86)\OpenVPN\bin;C:\Program Files (x86)\Bitvise SSH Client;C:\Program Files (x86)\Java\jre1.8.0_40;C:\Users\Jeffrey\AppData\Local\Code\bin;C:\Users\Jeffrey\AppData\Local\Microsoft\WindowsApps;C:\Users\Jeffrey\Documents\portableapps\selenium-drivers;C:\Python27\Scripts;C:\Python27;C:\Users\Jeffrey\Documents\portableapps\sonarqube-6.2\bin\windows-x86-64;C:\Users\Jeffrey\Documents\portableapps\sonar-scanner-2.8\bin;C:\Users\Jeffrey\Documents\portableapps\galen-bin-2.3.2;C:\Users\Jeffrey\AppData\Local\atom\bin;C:\Users\Jeffrey\Documents\Projects\maven\bin;C:\Users\Jeffrey\AppData\Local\Programs\Fiddler;C:\Program Files\dig\bin;C:\Users\Jeffrey\AppData\Local\Microsoft\WindowsApps;C:\Users\Jeffrey\AppData\Roaming\npm;C:\Users\Jeffrey\Documents\Projects\apktool;C:\Gradle\gradle-4.10.2\bin;C:\Program Files\Java\jdk-9\bin;C:\Users\Jeffrey\Documents\portableapps\sonar-scanner-msbuild;C:\Users\Jeffrey\Documents\portableapps\sonar-scanner-cli\bin;;."/>
    <property name="maven.conf" value="C:\Users\Jeffrey\Documents\Projects\maven\bin\../conf"/>
    <property name="jdk.debug" value="release"/>
    <property name="java.class.version" value="53.0"/>
    <property name="java.specification.name" value="Java Platform API Specification"/>
    <property name="sun.management.compiler" value="HotSpot 64-Bit Tiered Compilers"/>
    <property name="os.version" value="10.0"/>
    <property name="library.jansi.path" value="C:\Users\Jeffrey\Documents\Projects\maven\bin\..\lib\jansi-native\windows64"/>
    <property name="user.home" value="C:\Users\Jeffrey"/>
    <property name="user.timezone" value="Asia/Singapore"/>
    <property name="java.awt.printerjob" value="sun.awt.windows.WPrinterJob"/>
    <property name="file.encoding" value="Cp1252"/>
    <property name="java.specification.version" value="9"/>
    <property name="user.name" value="Jeffrey"/>
    <property name="java.class.path" value="C:\Users\Jeffrey\Documents\Projects\maven\bin\..\boot\plexus-classworlds-2.5.2.jar"/>
    <property name="java.vm.specification.version" value="9"/>
    <property name="sun.arch.data.model" value="64"/>
    <property name="sun.java.command" value="org.codehaus.plexus.classworlds.launcher.Launcher verify"/>
    <property name="java.home" value="C:\Program Files\Java\jdk-9"/>
    <property name="user.language" value="en"/>
    <property name="java.specification.vendor" value="Oracle Corporation"/>
    <property name="awt.toolkit" value="sun.awt.windows.WToolkit"/>
    <property name="java.vm.info" value="mixed mode"/>
    <property name="java.version" value="9"/>
    <property name="java.vendor" value="Oracle Corporation"/>
    <property name="sun.stderr.encoding" value="cp437"/>
    <property name="maven.home" value="C:\Users\Jeffrey\Documents\Projects\maven\bin\.."/>
    <property name="file.separator" value="\"/>
    <property name="java.vendor.url.bug" value="http://bugreport.java.com/bugreport/"/>
    <property name="sun.io.unicode.encoding" value="UnicodeLittle"/>
    <property name="sun.cpu.endian" value="little"/>
    <property name="sun.stdout.encoding" value="cp437"/>
    <property name="sun.desktop" value="windows"/>
    <property name="sun.cpu.isalist" value="amd64"/>
  </properties>
  <testcase classname="Scenario: Test 1 - Create Particpant Pass" name="* url &apos;https://internet-cprms-uat.hpb.gov.sg:5556/IQuitParticipantService/ParticipantService.svc&apos;" time="0.018"/>
  <testcase classname="Scenario: Test 1 - Create Particpant Pass" name="Given request" time="0.001"/>
  <testcase classname="Scenario: Test 1 - Create Particpant Pass" name="When soap action &apos;http://tempuri.org/IParticipantService/CreateParticipant&apos;" time="0"/>
  <testcase classname="Scenario: Test 1 - Create Particpant Pass" name="Then status 200" time="0"/>
  <testcase classname="Scenario: Test 1 - Create Particpant Pass" name="Scenario: Test 1 - Create Particpant Pass" time="0.006"/>
  <testcase classname="Scenario: Test 2 - Create Particpant Fail" name="* url &apos;https://internet-cprms-uat.hpb.gov.sg:5556/IQuitParticipantService/ParticipantService.svc&apos;" time="0"/>
  <testcase classname="Scenario: Test 2 - Create Particpant Fail" name="Given request" time="0.001"/>
  <testcase classname="Scenario: Test 2 - Create Particpant Fail" name="When soap action &apos;http://tempuri.org/IParticipantService/CreateParticipant&apos;" time="0.001"/>
  <testcase classname="Scenario: Test 2 - Create Particpant Fail" name="Then status 501" time="0.015">
    <error message="status code was: 200, expected: 501, response time: 428, url: https://internet-cprms-uat.hpb.gov.sg:5556/IQuitParticipantService/ParticipantService.svc, response: &lt;s:Envelope xmlns:s=&quot;http://schemas.xmlsoap.org/soap/envelope/&quot;&gt;&lt;s:Body&gt;&lt;CreateParticipantResponse xmlns=&quot;http://tempuri.org/&quot;&gt;&lt;CreateParticipantResult xmlns:a=&quot;http://schemas.datacontract.org/2004/07/IQuitParticipantService&quot; xmlns:i=&quot;http://www.w3.org/2001/XMLSchema-instance&quot;&gt;&lt;a:ReferenceId/&gt;&lt;a:StatusCode&gt;501&lt;/a:StatusCode&gt;&lt;a:StatusMessage&gt;Validation Error. Mandatory fields not provided.&lt;/a:StatusMessage&gt;&lt;/CreateParticipantResult&gt;&lt;/CreateParticipantResponse&gt;&lt;/s:Body&gt;&lt;/s:Envelope&gt;" type="com.intuit.karate.exception.KarateException">com.intuit.karate.exception.KarateException: status code was: 200, expected: 501, response time: 428, url: https://internet-cprms-uat.hpb.gov.sg:5556/IQuitParticipantService/ParticipantService.svc, response: &lt;s:Envelope xmlns:s=&quot;http://schemas.xmlsoap.org/soap/envelope/&quot;&gt;&lt;s:Body&gt;&lt;CreateParticipantResponse xmlns=&quot;http://tempuri.org/&quot;&gt;&lt;CreateParticipantResult xmlns:a=&quot;http://schemas.datacontract.org/2004/07/IQuitParticipantService&quot; xmlns:i=&quot;http://www.w3.org/2001/XMLSchema-instance&quot;&gt;&lt;a:ReferenceId/&gt;&lt;a:StatusCode&gt;501&lt;/a:StatusCode&gt;&lt;a:StatusMessage&gt;Validation Error. Mandatory fields not provided.&lt;/a:StatusMessage&gt;&lt;/CreateParticipantResult&gt;&lt;/CreateParticipantResponse&gt;&lt;/s:Body&gt;&lt;/s:Envelope&gt;
	at com.intuit.karate.StepDefs.status(StepDefs.java:491)
	at ✽.Then status 501(C:\Users\Jeffrey\Documents\GitHub\cprmsiquit\target\test-classes\sg\gov\hpb\cprms\iquit\users.feature:65)
</error>
    <system-out>13:12:46.631 [main] ERROR com.intuit.karate - status code was: 200, expected: 501, response time: 428, url: https://internet-cprms-uat.hpb.gov.sg:5556/IQuitParticipantService/ParticipantService.svc, response: &lt;s:Envelope xmlns:s=&quot;http://schemas.xmlsoap.org/soap/envelope/&quot;&gt;&lt;s:Body&gt;&lt;CreateParticipantResponse xmlns=&quot;http://tempuri.org/&quot;&gt;&lt;CreateParticipantResult xmlns:a=&quot;http://schemas.datacontract.org/2004/07/IQuitParticipantService&quot; xmlns:i=&quot;http://www.w3.org/2001/XMLSchema-instance&quot;&gt;&lt;a:ReferenceId/&gt;&lt;a:StatusCode&gt;501&lt;/a:StatusCode&gt;&lt;a:StatusMessage&gt;Validation Error. Mandatory fields not provided.&lt;/a:StatusMessage&gt;&lt;/CreateParticipantResult&gt;&lt;/CreateParticipantResponse&gt;&lt;/s:Body&gt;&lt;/s:Envelope&gt;
</system-out>
  </testcase>
  <testcase classname="Scenario: Test 2 - Create Particpant Fail" name="Scenario: Test 2 - Create Particpant Fail" time="0.02">
    <error message="status code was: 200, expected: 501, response time: 428, url: https://internet-cprms-uat.hpb.gov.sg:5556/IQuitParticipantService/ParticipantService.svc, response: &lt;s:Envelope xmlns:s=&quot;http://schemas.xmlsoap.org/soap/envelope/&quot;&gt;&lt;s:Body&gt;&lt;CreateParticipantResponse xmlns=&quot;http://tempuri.org/&quot;&gt;&lt;CreateParticipantResult xmlns:a=&quot;http://schemas.datacontract.org/2004/07/IQuitParticipantService&quot; xmlns:i=&quot;http://www.w3.org/2001/XMLSchema-instance&quot;&gt;&lt;a:ReferenceId/&gt;&lt;a:StatusCode&gt;501&lt;/a:StatusCode&gt;&lt;a:StatusMessage&gt;Validation Error. Mandatory fields not provided.&lt;/a:StatusMessage&gt;&lt;/CreateParticipantResult&gt;&lt;/CreateParticipantResponse&gt;&lt;/s:Body&gt;&lt;/s:Envelope&gt;" type="com.intuit.karate.exception.KarateException">com.intuit.karate.exception.KarateException: status code was: 200, expected: 501, response time: 428, url: https://internet-cprms-uat.hpb.gov.sg:5556/IQuitParticipantService/ParticipantService.svc, response: &lt;s:Envelope xmlns:s=&quot;http://schemas.xmlsoap.org/soap/envelope/&quot;&gt;&lt;s:Body&gt;&lt;CreateParticipantResponse xmlns=&quot;http://tempuri.org/&quot;&gt;&lt;CreateParticipantResult xmlns:a=&quot;http://schemas.datacontract.org/2004/07/IQuitParticipantService&quot; xmlns:i=&quot;http://www.w3.org/2001/XMLSchema-instance&quot;&gt;&lt;a:ReferenceId/&gt;&lt;a:StatusCode&gt;501&lt;/a:StatusCode&gt;&lt;a:StatusMessage&gt;Validation Error. Mandatory fields not provided.&lt;/a:StatusMessage&gt;&lt;/CreateParticipantResult&gt;&lt;/CreateParticipantResponse&gt;&lt;/s:Body&gt;&lt;/s:Envelope&gt;
	at com.intuit.karate.StepDefs.status(StepDefs.java:491)
	at ✽.Then status 501(C:\Users\Jeffrey\Documents\GitHub\cprmsiquit\target\test-classes\sg\gov\hpb\cprms\iquit\users.feature:65)
</error>
  </testcase>
  <testcase classname="Scenario: Test 3 - Update Particpant Pass" name="* url &apos;https://internet-cprms-uat.hpb.gov.sg:5556/IQuitParticipantService/ParticipantService.svc&apos;" time="0"/>
  <testcase classname="Scenario: Test 3 - Update Particpant Pass" name="Given request" time="0"/>
  <testcase classname="Scenario: Test 3 - Update Particpant Pass" name="When soap action &apos;http://tempuri.org/IParticipantService/GetParticipants&apos;" time="0.001"/>
  <testcase classname="Scenario: Test 3 - Update Particpant Pass" name="Then status 200" time="0.013">
    <error message="status code was: 500, expected: 200, response time: 208, url: https://internet-cprms-uat.hpb.gov.sg:5556/IQuitParticipantService/ParticipantService.svc, response: &lt;s:Envelope xmlns:s=&quot;http://schemas.xmlsoap.org/soap/envelope/&quot;&gt;&lt;s:Body&gt;&lt;s:Fault&gt;&lt;faultcode xmlns:a=&quot;http://schemas.microsoft.com/net/2005/12/windowscommunicationfoundation/dispatcher&quot;&gt;a:InternalServiceFault&lt;/faultcode&gt;&lt;faultstring xml:lang=&quot;en-US&quot;&gt;The server was unable to process the request due to an internal error.  For more information about the error, either turn on IncludeExceptionDetailInFaults (either from ServiceBehaviorAttribute or from the &amp;lt;serviceDebug&amp;gt; configuration behavior) on the server in order to send the exception information back to the client, or turn on tracing as per the Microsoft .NET Framework SDK documentation and inspect the server trace logs.&lt;/faultstring&gt;&lt;/s:Fault&gt;&lt;/s:Body&gt;&lt;/s:Envelope&gt;" type="com.intuit.karate.exception.KarateException">com.intuit.karate.exception.KarateException: status code was: 500, expected: 200, response time: 208, url: https://internet-cprms-uat.hpb.gov.sg:5556/IQuitParticipantService/ParticipantService.svc, response: &lt;s:Envelope xmlns:s=&quot;http://schemas.xmlsoap.org/soap/envelope/&quot;&gt;&lt;s:Body&gt;&lt;s:Fault&gt;&lt;faultcode xmlns:a=&quot;http://schemas.microsoft.com/net/2005/12/windowscommunicationfoundation/dispatcher&quot;&gt;a:InternalServiceFault&lt;/faultcode&gt;&lt;faultstring xml:lang=&quot;en-US&quot;&gt;The server was unable to process the request due to an internal error.  For more information about the error, either turn on IncludeExceptionDetailInFaults (either from ServiceBehaviorAttribute or from the &amp;lt;serviceDebug&amp;gt; configuration behavior) on the server in order to send the exception information back to the client, or turn on tracing as per the Microsoft .NET Framework SDK documentation and inspect the server trace logs.&lt;/faultstring&gt;&lt;/s:Fault&gt;&lt;/s:Body&gt;&lt;/s:Envelope&gt;
	at com.intuit.karate.StepDefs.status(StepDefs.java:491)
	at ✽.Then status 200(C:\Users\Jeffrey\Documents\GitHub\cprmsiquit\target\test-classes\sg\gov\hpb\cprms\iquit\users.feature:96)
</error>
    <system-out>13:12:47.398 [main] ERROR com.intuit.karate - status code was: 500, expected: 200, response time: 208, url: https://internet-cprms-uat.hpb.gov.sg:5556/IQuitParticipantService/ParticipantService.svc, response: &lt;s:Envelope xmlns:s=&quot;http://schemas.xmlsoap.org/soap/envelope/&quot;&gt;&lt;s:Body&gt;&lt;s:Fault&gt;&lt;faultcode xmlns:a=&quot;http://schemas.microsoft.com/net/2005/12/windowscommunicationfoundation/dispatcher&quot;&gt;a:InternalServiceFault&lt;/faultcode&gt;&lt;faultstring xml:lang=&quot;en-US&quot;&gt;The server was unable to process the request due to an internal error.  For more information about the error, either turn on IncludeExceptionDetailInFaults (either from ServiceBehaviorAttribute or from the &amp;lt;serviceDebug&amp;gt; configuration behavior) on the server in order to send the exception information back to the client, or turn on tracing as per the Microsoft .NET Framework SDK documentation and inspect the server trace logs.&lt;/faultstring&gt;&lt;/s:Fault&gt;&lt;/s:Body&gt;&lt;/s:Envelope&gt;
</system-out>
  </testcase>
  <testcase classname="Scenario: Test 3 - Update Particpant Pass" name="Scenario: Test 3 - Update Particpant Pass" time="0.015">
    <error message="status code was: 500, expected: 200, response time: 208, url: https://internet-cprms-uat.hpb.gov.sg:5556/IQuitParticipantService/ParticipantService.svc, response: &lt;s:Envelope xmlns:s=&quot;http://schemas.xmlsoap.org/soap/envelope/&quot;&gt;&lt;s:Body&gt;&lt;s:Fault&gt;&lt;faultcode xmlns:a=&quot;http://schemas.microsoft.com/net/2005/12/windowscommunicationfoundation/dispatcher&quot;&gt;a:InternalServiceFault&lt;/faultcode&gt;&lt;faultstring xml:lang=&quot;en-US&quot;&gt;The server was unable to process the request due to an internal error.  For more information about the error, either turn on IncludeExceptionDetailInFaults (either from ServiceBehaviorAttribute or from the &amp;lt;serviceDebug&amp;gt; configuration behavior) on the server in order to send the exception information back to the client, or turn on tracing as per the Microsoft .NET Framework SDK documentation and inspect the server trace logs.&lt;/faultstring&gt;&lt;/s:Fault&gt;&lt;/s:Body&gt;&lt;/s:Envelope&gt;" type="com.intuit.karate.exception.KarateException">com.intuit.karate.exception.KarateException: status code was: 500, expected: 200, response time: 208, url: https://internet-cprms-uat.hpb.gov.sg:5556/IQuitParticipantService/ParticipantService.svc, response: &lt;s:Envelope xmlns:s=&quot;http://schemas.xmlsoap.org/soap/envelope/&quot;&gt;&lt;s:Body&gt;&lt;s:Fault&gt;&lt;faultcode xmlns:a=&quot;http://schemas.microsoft.com/net/2005/12/windowscommunicationfoundation/dispatcher&quot;&gt;a:InternalServiceFault&lt;/faultcode&gt;&lt;faultstring xml:lang=&quot;en-US&quot;&gt;The server was unable to process the request due to an internal error.  For more information about the error, either turn on IncludeExceptionDetailInFaults (either from ServiceBehaviorAttribute or from the &amp;lt;serviceDebug&amp;gt; configuration behavior) on the server in order to send the exception information back to the client, or turn on tracing as per the Microsoft .NET Framework SDK documentation and inspect the server trace logs.&lt;/faultstring&gt;&lt;/s:Fault&gt;&lt;/s:Body&gt;&lt;/s:Envelope&gt;
	at com.intuit.karate.StepDefs.status(StepDefs.java:491)
	at ✽.Then status 200(C:\Users\Jeffrey\Documents\GitHub\cprmsiquit\target\test-classes\sg\gov\hpb\cprms\iquit\users.feature:96)
</error>
  </testcase>
  <testcase classname="Scenario: Test 4 - Update Particpant Fail" name="* url &apos;https://internet-cprms-uat.hpb.gov.sg:5556/IQuitParticipantService/ParticipantService.svc&apos;" time="0"/>
  <testcase classname="Scenario: Test 4 - Update Particpant Fail" name="Given request" time="0"/>
  <testcase classname="Scenario: Test 4 - Update Particpant Fail" name="When soap action &apos;http://tempuri.org/IParticipantService/GetParticipants&apos;" time="0"/>
  <testcase classname="Scenario: Test 4 - Update Particpant Fail" name="Then status 501" time="0.005">
    <error message="status code was: 500, expected: 501, response time: 186, url: https://internet-cprms-uat.hpb.gov.sg:5556/IQuitParticipantService/ParticipantService.svc, response: &lt;s:Envelope xmlns:s=&quot;http://schemas.xmlsoap.org/soap/envelope/&quot;&gt;&lt;s:Body&gt;&lt;s:Fault&gt;&lt;faultcode xmlns:a=&quot;http://schemas.microsoft.com/net/2005/12/windowscommunicationfoundation/dispatcher&quot;&gt;a:InternalServiceFault&lt;/faultcode&gt;&lt;faultstring xml:lang=&quot;en-US&quot;&gt;The server was unable to process the request due to an internal error.  For more information about the error, either turn on IncludeExceptionDetailInFaults (either from ServiceBehaviorAttribute or from the &amp;lt;serviceDebug&amp;gt; configuration behavior) on the server in order to send the exception information back to the client, or turn on tracing as per the Microsoft .NET Framework SDK documentation and inspect the server trace logs.&lt;/faultstring&gt;&lt;/s:Fault&gt;&lt;/s:Body&gt;&lt;/s:Envelope&gt;" type="com.intuit.karate.exception.KarateException">com.intuit.karate.exception.KarateException: status code was: 500, expected: 501, response time: 186, url: https://internet-cprms-uat.hpb.gov.sg:5556/IQuitParticipantService/ParticipantService.svc, response: &lt;s:Envelope xmlns:s=&quot;http://schemas.xmlsoap.org/soap/envelope/&quot;&gt;&lt;s:Body&gt;&lt;s:Fault&gt;&lt;faultcode xmlns:a=&quot;http://schemas.microsoft.com/net/2005/12/windowscommunicationfoundation/dispatcher&quot;&gt;a:InternalServiceFault&lt;/faultcode&gt;&lt;faultstring xml:lang=&quot;en-US&quot;&gt;The server was unable to process the request due to an internal error.  For more information about the error, either turn on IncludeExceptionDetailInFaults (either from ServiceBehaviorAttribute or from the &amp;lt;serviceDebug&amp;gt; configuration behavior) on the server in order to send the exception information back to the client, or turn on tracing as per the Microsoft .NET Framework SDK documentation and inspect the server trace logs.&lt;/faultstring&gt;&lt;/s:Fault&gt;&lt;/s:Body&gt;&lt;/s:Envelope&gt;
	at com.intuit.karate.StepDefs.status(StepDefs.java:491)
	at ✽.Then status 501(C:\Users\Jeffrey\Documents\GitHub\cprmsiquit\target\test-classes\sg\gov\hpb\cprms\iquit\users.feature:127)
</error>
    <system-out>13:12:47.704 [main] ERROR com.intuit.karate - status code was: 500, expected: 501, response time: 186, url: https://internet-cprms-uat.hpb.gov.sg:5556/IQuitParticipantService/ParticipantService.svc, response: &lt;s:Envelope xmlns:s=&quot;http://schemas.xmlsoap.org/soap/envelope/&quot;&gt;&lt;s:Body&gt;&lt;s:Fault&gt;&lt;faultcode xmlns:a=&quot;http://schemas.microsoft.com/net/2005/12/windowscommunicationfoundation/dispatcher&quot;&gt;a:InternalServiceFault&lt;/faultcode&gt;&lt;faultstring xml:lang=&quot;en-US&quot;&gt;The server was unable to process the request due to an internal error.  For more information about the error, either turn on IncludeExceptionDetailInFaults (either from ServiceBehaviorAttribute or from the &amp;lt;serviceDebug&amp;gt; configuration behavior) on the server in order to send the exception information back to the client, or turn on tracing as per the Microsoft .NET Framework SDK documentation and inspect the server trace logs.&lt;/faultstring&gt;&lt;/s:Fault&gt;&lt;/s:Body&gt;&lt;/s:Envelope&gt;
</system-out>
  </testcase>
  <testcase classname="Scenario: Test 4 - Update Particpant Fail" name="Scenario: Test 4 - Update Particpant Fail" time="0.008">
    <error message="status code was: 500, expected: 501, response time: 186, url: https://internet-cprms-uat.hpb.gov.sg:5556/IQuitParticipantService/ParticipantService.svc, response: &lt;s:Envelope xmlns:s=&quot;http://schemas.xmlsoap.org/soap/envelope/&quot;&gt;&lt;s:Body&gt;&lt;s:Fault&gt;&lt;faultcode xmlns:a=&quot;http://schemas.microsoft.com/net/2005/12/windowscommunicationfoundation/dispatcher&quot;&gt;a:InternalServiceFault&lt;/faultcode&gt;&lt;faultstring xml:lang=&quot;en-US&quot;&gt;The server was unable to process the request due to an internal error.  For more information about the error, either turn on IncludeExceptionDetailInFaults (either from ServiceBehaviorAttribute or from the &amp;lt;serviceDebug&amp;gt; configuration behavior) on the server in order to send the exception information back to the client, or turn on tracing as per the Microsoft .NET Framework SDK documentation and inspect the server trace logs.&lt;/faultstring&gt;&lt;/s:Fault&gt;&lt;/s:Body&gt;&lt;/s:Envelope&gt;" type="com.intuit.karate.exception.KarateException">com.intuit.karate.exception.KarateException: status code was: 500, expected: 501, response time: 186, url: https://internet-cprms-uat.hpb.gov.sg:5556/IQuitParticipantService/ParticipantService.svc, response: &lt;s:Envelope xmlns:s=&quot;http://schemas.xmlsoap.org/soap/envelope/&quot;&gt;&lt;s:Body&gt;&lt;s:Fault&gt;&lt;faultcode xmlns:a=&quot;http://schemas.microsoft.com/net/2005/12/windowscommunicationfoundation/dispatcher&quot;&gt;a:InternalServiceFault&lt;/faultcode&gt;&lt;faultstring xml:lang=&quot;en-US&quot;&gt;The server was unable to process the request due to an internal error.  For more information about the error, either turn on IncludeExceptionDetailInFaults (either from ServiceBehaviorAttribute or from the &amp;lt;serviceDebug&amp;gt; configuration behavior) on the server in order to send the exception information back to the client, or turn on tracing as per the Microsoft .NET Framework SDK documentation and inspect the server trace logs.&lt;/faultstring&gt;&lt;/s:Fault&gt;&lt;/s:Body&gt;&lt;/s:Envelope&gt;
	at com.intuit.karate.StepDefs.status(StepDefs.java:491)
	at ✽.Then status 501(C:\Users\Jeffrey\Documents\GitHub\cprmsiquit\target\test-classes\sg\gov\hpb\cprms\iquit\users.feature:127)
</error>
  </testcase>
  <testcase classname="Scenario: Test 5 - Get Particpants Pass" name="* url &apos;https://internet-cprms-uat.hpb.gov.sg:5556/IQuitParticipantService/ParticipantService.svc&apos;" time="0"/>
  <testcase classname="Scenario: Test 5 - Get Particpants Pass" name="Given request" time="0"/>
  <testcase classname="Scenario: Test 5 - Get Particpants Pass" name="When soap action &apos;http://tempuri.org/IParticipantService/GetParticipants&apos;" time="0"/>
  <testcase classname="Scenario: Test 5 - Get Particpants Pass" name="Then status 200" time="0.001"/>
  <testcase classname="Scenario: Test 5 - Get Particpants Pass" name="Scenario: Test 5 - Get Particpants Pass" time="0.001"/>
  <testcase classname="Scenario: Test 6 - Get Particpants No input" name="* url &apos;https://internet-cprms-uat.hpb.gov.sg:5556/IQuitParticipantService/ParticipantService.svc&apos;" time="0"/>
  <testcase classname="Scenario: Test 6 - Get Particpants No input" name="Given request" time="0"/>
  <testcase classname="Scenario: Test 6 - Get Particpants No input" name="When soap action &apos;http://tempuri.org/IParticipantService/GetParticipants&apos;" time="0"/>
  <testcase classname="Scenario: Test 6 - Get Particpants No input" name="Then status 501" time="0.002">
    <error message="status code was: 200, expected: 501, response time: 176, url: https://internet-cprms-uat.hpb.gov.sg:5556/IQuitParticipantService/ParticipantService.svc, response: &lt;s:Envelope xmlns:s=&quot;http://schemas.xmlsoap.org/soap/envelope/&quot;&gt;&lt;s:Body&gt;&lt;GetParticipantsResponse xmlns=&quot;http://tempuri.org/&quot;&gt;&lt;GetParticipantsResult xmlns:a=&quot;http://schemas.datacontract.org/2004/07/IQuitParticipantService&quot; xmlns:i=&quot;http://www.w3.org/2001/XMLSchema-instance&quot;&gt;&lt;a:StatusCode&gt;502&lt;/a:StatusCode&gt;&lt;a:StatusMessage&gt; Invalid referenceIds:;&lt;/a:StatusMessage&gt;&lt;a:lstParticipantData i:nil=&quot;true&quot;/&gt;&lt;/GetParticipantsResult&gt;&lt;/GetParticipantsResponse&gt;&lt;/s:Body&gt;&lt;/s:Envelope&gt;" type="com.intuit.karate.exception.KarateException">com.intuit.karate.exception.KarateException: status code was: 200, expected: 501, response time: 176, url: https://internet-cprms-uat.hpb.gov.sg:5556/IQuitParticipantService/ParticipantService.svc, response: &lt;s:Envelope xmlns:s=&quot;http://schemas.xmlsoap.org/soap/envelope/&quot;&gt;&lt;s:Body&gt;&lt;GetParticipantsResponse xmlns=&quot;http://tempuri.org/&quot;&gt;&lt;GetParticipantsResult xmlns:a=&quot;http://schemas.datacontract.org/2004/07/IQuitParticipantService&quot; xmlns:i=&quot;http://www.w3.org/2001/XMLSchema-instance&quot;&gt;&lt;a:StatusCode&gt;502&lt;/a:StatusCode&gt;&lt;a:StatusMessage&gt; Invalid referenceIds:;&lt;/a:StatusMessage&gt;&lt;a:lstParticipantData i:nil=&quot;true&quot;/&gt;&lt;/GetParticipantsResult&gt;&lt;/GetParticipantsResponse&gt;&lt;/s:Body&gt;&lt;/s:Envelope&gt;
	at com.intuit.karate.StepDefs.status(StepDefs.java:491)
	at ✽.Then status 501(C:\Users\Jeffrey\Documents\GitHub\cprmsiquit\target\test-classes\sg\gov\hpb\cprms\iquit\users.feature:167)
</error>
    <system-out>13:12:48.510 [main] ERROR com.intuit.karate - status code was: 200, expected: 501, response time: 176, url: https://internet-cprms-uat.hpb.gov.sg:5556/IQuitParticipantService/ParticipantService.svc, response: &lt;s:Envelope xmlns:s=&quot;http://schemas.xmlsoap.org/soap/envelope/&quot;&gt;&lt;s:Body&gt;&lt;GetParticipantsResponse xmlns=&quot;http://tempuri.org/&quot;&gt;&lt;GetParticipantsResult xmlns:a=&quot;http://schemas.datacontract.org/2004/07/IQuitParticipantService&quot; xmlns:i=&quot;http://www.w3.org/2001/XMLSchema-instance&quot;&gt;&lt;a:StatusCode&gt;502&lt;/a:StatusCode&gt;&lt;a:StatusMessage&gt; Invalid referenceIds:;&lt;/a:StatusMessage&gt;&lt;a:lstParticipantData i:nil=&quot;true&quot;/&gt;&lt;/GetParticipantsResult&gt;&lt;/GetParticipantsResponse&gt;&lt;/s:Body&gt;&lt;/s:Envelope&gt;
</system-out>
  </testcase>
  <testcase classname="Scenario: Test 6 - Get Particpants No input" name="Scenario: Test 6 - Get Particpants No input" time="0.004">
    <error message="status code was: 200, expected: 501, response time: 176, url: https://internet-cprms-uat.hpb.gov.sg:5556/IQuitParticipantService/ParticipantService.svc, response: &lt;s:Envelope xmlns:s=&quot;http://schemas.xmlsoap.org/soap/envelope/&quot;&gt;&lt;s:Body&gt;&lt;GetParticipantsResponse xmlns=&quot;http://tempuri.org/&quot;&gt;&lt;GetParticipantsResult xmlns:a=&quot;http://schemas.datacontract.org/2004/07/IQuitParticipantService&quot; xmlns:i=&quot;http://www.w3.org/2001/XMLSchema-instance&quot;&gt;&lt;a:StatusCode&gt;502&lt;/a:StatusCode&gt;&lt;a:StatusMessage&gt; Invalid referenceIds:;&lt;/a:StatusMessage&gt;&lt;a:lstParticipantData i:nil=&quot;true&quot;/&gt;&lt;/GetParticipantsResult&gt;&lt;/GetParticipantsResponse&gt;&lt;/s:Body&gt;&lt;/s:Envelope&gt;" type="com.intuit.karate.exception.KarateException">com.intuit.karate.exception.KarateException: status code was: 200, expected: 501, response time: 176, url: https://internet-cprms-uat.hpb.gov.sg:5556/IQuitParticipantService/ParticipantService.svc, response: &lt;s:Envelope xmlns:s=&quot;http://schemas.xmlsoap.org/soap/envelope/&quot;&gt;&lt;s:Body&gt;&lt;GetParticipantsResponse xmlns=&quot;http://tempuri.org/&quot;&gt;&lt;GetParticipantsResult xmlns:a=&quot;http://schemas.datacontract.org/2004/07/IQuitParticipantService&quot; xmlns:i=&quot;http://www.w3.org/2001/XMLSchema-instance&quot;&gt;&lt;a:StatusCode&gt;502&lt;/a:StatusCode&gt;&lt;a:StatusMessage&gt; Invalid referenceIds:;&lt;/a:StatusMessage&gt;&lt;a:lstParticipantData i:nil=&quot;true&quot;/&gt;&lt;/GetParticipantsResult&gt;&lt;/GetParticipantsResponse&gt;&lt;/s:Body&gt;&lt;/s:Envelope&gt;
	at com.intuit.karate.StepDefs.status(StepDefs.java:491)
	at ✽.Then status 501(C:\Users\Jeffrey\Documents\GitHub\cprmsiquit\target\test-classes\sg\gov\hpb\cprms\iquit\users.feature:167)
</error>
  </testcase>
  <testcase classname="Scenario: Test 7 - Get Particpants No such participant" name="* url &apos;https://internet-cprms-uat.hpb.gov.sg:5556/IQuitParticipantService/ParticipantService.svc&apos;" time="0"/>
  <testcase classname="Scenario: Test 7 - Get Particpants No such participant" name="Given request" time="0"/>
  <testcase classname="Scenario: Test 7 - Get Particpants No such participant" name="When soap action &apos;http://tempuri.org/IParticipantService/GetParticipants&apos;" time="0.001"/>
  <testcase classname="Scenario: Test 7 - Get Particpants No such participant" name="Then status 502" time="0.001">
    <error message="status code was: 200, expected: 502, response time: 171, url: https://internet-cprms-uat.hpb.gov.sg:5556/IQuitParticipantService/ParticipantService.svc, response: &lt;s:Envelope xmlns:s=&quot;http://schemas.xmlsoap.org/soap/envelope/&quot;&gt;&lt;s:Body&gt;&lt;GetParticipantsResponse xmlns=&quot;http://tempuri.org/&quot;&gt;&lt;GetParticipantsResult xmlns:a=&quot;http://schemas.datacontract.org/2004/07/IQuitParticipantService&quot; xmlns:i=&quot;http://www.w3.org/2001/XMLSchema-instance&quot;&gt;&lt;a:StatusCode&gt;502&lt;/a:StatusCode&gt;&lt;a:StatusMessage&gt;No matching record found.&lt;/a:StatusMessage&gt;&lt;a:lstParticipantData i:nil=&quot;true&quot;/&gt;&lt;/GetParticipantsResult&gt;&lt;/GetParticipantsResponse&gt;&lt;/s:Body&gt;&lt;/s:Envelope&gt;" type="com.intuit.karate.exception.KarateException">com.intuit.karate.exception.KarateException: status code was: 200, expected: 502, response time: 171, url: https://internet-cprms-uat.hpb.gov.sg:5556/IQuitParticipantService/ParticipantService.svc, response: &lt;s:Envelope xmlns:s=&quot;http://schemas.xmlsoap.org/soap/envelope/&quot;&gt;&lt;s:Body&gt;&lt;GetParticipantsResponse xmlns=&quot;http://tempuri.org/&quot;&gt;&lt;GetParticipantsResult xmlns:a=&quot;http://schemas.datacontract.org/2004/07/IQuitParticipantService&quot; xmlns:i=&quot;http://www.w3.org/2001/XMLSchema-instance&quot;&gt;&lt;a:StatusCode&gt;502&lt;/a:StatusCode&gt;&lt;a:StatusMessage&gt;No matching record found.&lt;/a:StatusMessage&gt;&lt;a:lstParticipantData i:nil=&quot;true&quot;/&gt;&lt;/GetParticipantsResult&gt;&lt;/GetParticipantsResponse&gt;&lt;/s:Body&gt;&lt;/s:Envelope&gt;
	at com.intuit.karate.StepDefs.status(StepDefs.java:491)
	at ✽.Then status 502(C:\Users\Jeffrey\Documents\GitHub\cprmsiquit\target\test-classes\sg\gov\hpb\cprms\iquit\users.feature:188)
</error>
    <system-out>13:12:48.922 [main] ERROR com.intuit.karate - status code was: 200, expected: 502, response time: 171, url: https://internet-cprms-uat.hpb.gov.sg:5556/IQuitParticipantService/ParticipantService.svc, response: &lt;s:Envelope xmlns:s=&quot;http://schemas.xmlsoap.org/soap/envelope/&quot;&gt;&lt;s:Body&gt;&lt;GetParticipantsResponse xmlns=&quot;http://tempuri.org/&quot;&gt;&lt;GetParticipantsResult xmlns:a=&quot;http://schemas.datacontract.org/2004/07/IQuitParticipantService&quot; xmlns:i=&quot;http://www.w3.org/2001/XMLSchema-instance&quot;&gt;&lt;a:StatusCode&gt;502&lt;/a:StatusCode&gt;&lt;a:StatusMessage&gt;No matching record found.&lt;/a:StatusMessage&gt;&lt;a:lstParticipantData i:nil=&quot;true&quot;/&gt;&lt;/GetParticipantsResult&gt;&lt;/GetParticipantsResponse&gt;&lt;/s:Body&gt;&lt;/s:Envelope&gt;
</system-out>
  </testcase>
  <testcase classname="Scenario: Test 7 - Get Particpants No such participant" name="Scenario: Test 7 - Get Particpants No such participant" time="0.002">
    <error message="status code was: 200, expected: 502, response time: 171, url: https://internet-cprms-uat.hpb.gov.sg:5556/IQuitParticipantService/ParticipantService.svc, response: &lt;s:Envelope xmlns:s=&quot;http://schemas.xmlsoap.org/soap/envelope/&quot;&gt;&lt;s:Body&gt;&lt;GetParticipantsResponse xmlns=&quot;http://tempuri.org/&quot;&gt;&lt;GetParticipantsResult xmlns:a=&quot;http://schemas.datacontract.org/2004/07/IQuitParticipantService&quot; xmlns:i=&quot;http://www.w3.org/2001/XMLSchema-instance&quot;&gt;&lt;a:StatusCode&gt;502&lt;/a:StatusCode&gt;&lt;a:StatusMessage&gt;No matching record found.&lt;/a:StatusMessage&gt;&lt;a:lstParticipantData i:nil=&quot;true&quot;/&gt;&lt;/GetParticipantsResult&gt;&lt;/GetParticipantsResponse&gt;&lt;/s:Body&gt;&lt;/s:Envelope&gt;" type="com.intuit.karate.exception.KarateException">com.intuit.karate.exception.KarateException: status code was: 200, expected: 502, response time: 171, url: https://internet-cprms-uat.hpb.gov.sg:5556/IQuitParticipantService/ParticipantService.svc, response: &lt;s:Envelope xmlns:s=&quot;http://schemas.xmlsoap.org/soap/envelope/&quot;&gt;&lt;s:Body&gt;&lt;GetParticipantsResponse xmlns=&quot;http://tempuri.org/&quot;&gt;&lt;GetParticipantsResult xmlns:a=&quot;http://schemas.datacontract.org/2004/07/IQuitParticipantService&quot; xmlns:i=&quot;http://www.w3.org/2001/XMLSchema-instance&quot;&gt;&lt;a:StatusCode&gt;502&lt;/a:StatusCode&gt;&lt;a:StatusMessage&gt;No matching record found.&lt;/a:StatusMessage&gt;&lt;a:lstParticipantData i:nil=&quot;true&quot;/&gt;&lt;/GetParticipantsResult&gt;&lt;/GetParticipantsResponse&gt;&lt;/s:Body&gt;&lt;/s:Envelope&gt;
	at com.intuit.karate.StepDefs.status(StepDefs.java:491)
	at ✽.Then status 502(C:\Users\Jeffrey\Documents\GitHub\cprmsiquit\target\test-classes\sg\gov\hpb\cprms\iquit\users.feature:188)
</error>
  </testcase>
  <testcase classname="Scenario: Test 8 - Get Particpants valid in valid not in and invalid" name="* url &apos;https://internet-cprms-uat.hpb.gov.sg:5556/IQuitParticipantService/ParticipantService.svc&apos;" time="0"/>
  <testcase classname="Scenario: Test 8 - Get Particpants valid in valid not in and invalid" name="Given request" time="0"/>
  <testcase classname="Scenario: Test 8 - Get Particpants valid in valid not in and invalid" name="When soap action &apos;http://tempuri.org/IParticipantService/GetParticipants&apos;" time="0"/>
  <testcase classname="Scenario: Test 8 - Get Particpants valid in valid not in and invalid" name="Then status 502" time="0.001">
    <error message="status code was: 200, expected: 502, response time: 169, url: https://internet-cprms-uat.hpb.gov.sg:5556/IQuitParticipantService/ParticipantService.svc, response: &lt;s:Envelope xmlns:s=&quot;http://schemas.xmlsoap.org/soap/envelope/&quot;&gt;&lt;s:Body&gt;&lt;GetParticipantsResponse xmlns=&quot;http://tempuri.org/&quot;&gt;&lt;GetParticipantsResult xmlns:a=&quot;http://schemas.datacontract.org/2004/07/IQuitParticipantService&quot; xmlns:i=&quot;http://www.w3.org/2001/XMLSchema-instance&quot;&gt;&lt;a:StatusCode&gt;502&lt;/a:StatusCode&gt;&lt;a:StatusMessage&gt; Invalid referenceIds:d9d72c72-3fc0-45f4-9c74-14be8ecea897, d9d72c72-3fc0-9999-9999-14be8ecea897,aaaa;&lt;/a:StatusMessage&gt;&lt;a:lstParticipantData i:nil=&quot;true&quot;/&gt;&lt;/GetParticipantsResult&gt;&lt;/GetParticipantsResponse&gt;&lt;/s:Body&gt;&lt;/s:Envelope&gt;" type="com.intuit.karate.exception.KarateException">com.intuit.karate.exception.KarateException: status code was: 200, expected: 502, response time: 169, url: https://internet-cprms-uat.hpb.gov.sg:5556/IQuitParticipantService/ParticipantService.svc, response: &lt;s:Envelope xmlns:s=&quot;http://schemas.xmlsoap.org/soap/envelope/&quot;&gt;&lt;s:Body&gt;&lt;GetParticipantsResponse xmlns=&quot;http://tempuri.org/&quot;&gt;&lt;GetParticipantsResult xmlns:a=&quot;http://schemas.datacontract.org/2004/07/IQuitParticipantService&quot; xmlns:i=&quot;http://www.w3.org/2001/XMLSchema-instance&quot;&gt;&lt;a:StatusCode&gt;502&lt;/a:StatusCode&gt;&lt;a:StatusMessage&gt; Invalid referenceIds:d9d72c72-3fc0-45f4-9c74-14be8ecea897, d9d72c72-3fc0-9999-9999-14be8ecea897,aaaa;&lt;/a:StatusMessage&gt;&lt;a:lstParticipantData i:nil=&quot;true&quot;/&gt;&lt;/GetParticipantsResult&gt;&lt;/GetParticipantsResponse&gt;&lt;/s:Body&gt;&lt;/s:Envelope&gt;
	at com.intuit.karate.StepDefs.status(StepDefs.java:491)
	at ✽.Then status 502(C:\Users\Jeffrey\Documents\GitHub\cprmsiquit\target\test-classes\sg\gov\hpb\cprms\iquit\users.feature:208)
</error>
    <system-out>13:12:49.597 [main] ERROR com.intuit.karate - status code was: 200, expected: 502, response time: 169, url: https://internet-cprms-uat.hpb.gov.sg:5556/IQuitParticipantService/ParticipantService.svc, response: &lt;s:Envelope xmlns:s=&quot;http://schemas.xmlsoap.org/soap/envelope/&quot;&gt;&lt;s:Body&gt;&lt;GetParticipantsResponse xmlns=&quot;http://tempuri.org/&quot;&gt;&lt;GetParticipantsResult xmlns:a=&quot;http://schemas.datacontract.org/2004/07/IQuitParticipantService&quot; xmlns:i=&quot;http://www.w3.org/2001/XMLSchema-instance&quot;&gt;&lt;a:StatusCode&gt;502&lt;/a:StatusCode&gt;&lt;a:StatusMessage&gt; Invalid referenceIds:d9d72c72-3fc0-45f4-9c74-14be8ecea897, d9d72c72-3fc0-9999-9999-14be8ecea897,aaaa;&lt;/a:StatusMessage&gt;&lt;a:lstParticipantData i:nil=&quot;true&quot;/&gt;&lt;/GetParticipantsResult&gt;&lt;/GetParticipantsResponse&gt;&lt;/s:Body&gt;&lt;/s:Envelope&gt;
</system-out>
  </testcase>
  <testcase classname="Scenario: Test 8 - Get Particpants valid in valid not in and invalid" name="Scenario: Test 8 - Get Particpants valid in valid not in and invalid" time="0.003">
    <error message="status code was: 200, expected: 502, response time: 169, url: https://internet-cprms-uat.hpb.gov.sg:5556/IQuitParticipantService/ParticipantService.svc, response: &lt;s:Envelope xmlns:s=&quot;http://schemas.xmlsoap.org/soap/envelope/&quot;&gt;&lt;s:Body&gt;&lt;GetParticipantsResponse xmlns=&quot;http://tempuri.org/&quot;&gt;&lt;GetParticipantsResult xmlns:a=&quot;http://schemas.datacontract.org/2004/07/IQuitParticipantService&quot; xmlns:i=&quot;http://www.w3.org/2001/XMLSchema-instance&quot;&gt;&lt;a:StatusCode&gt;502&lt;/a:StatusCode&gt;&lt;a:StatusMessage&gt; Invalid referenceIds:d9d72c72-3fc0-45f4-9c74-14be8ecea897, d9d72c72-3fc0-9999-9999-14be8ecea897,aaaa;&lt;/a:StatusMessage&gt;&lt;a:lstParticipantData i:nil=&quot;true&quot;/&gt;&lt;/GetParticipantsResult&gt;&lt;/GetParticipantsResponse&gt;&lt;/s:Body&gt;&lt;/s:Envelope&gt;" type="com.intuit.karate.exception.KarateException">com.intuit.karate.exception.KarateException: status code was: 200, expected: 502, response time: 169, url: https://internet-cprms-uat.hpb.gov.sg:5556/IQuitParticipantService/ParticipantService.svc, response: &lt;s:Envelope xmlns:s=&quot;http://schemas.xmlsoap.org/soap/envelope/&quot;&gt;&lt;s:Body&gt;&lt;GetParticipantsResponse xmlns=&quot;http://tempuri.org/&quot;&gt;&lt;GetParticipantsResult xmlns:a=&quot;http://schemas.datacontract.org/2004/07/IQuitParticipantService&quot; xmlns:i=&quot;http://www.w3.org/2001/XMLSchema-instance&quot;&gt;&lt;a:StatusCode&gt;502&lt;/a:StatusCode&gt;&lt;a:StatusMessage&gt; Invalid referenceIds:d9d72c72-3fc0-45f4-9c74-14be8ecea897, d9d72c72-3fc0-9999-9999-14be8ecea897,aaaa;&lt;/a:StatusMessage&gt;&lt;a:lstParticipantData i:nil=&quot;true&quot;/&gt;&lt;/GetParticipantsResult&gt;&lt;/GetParticipantsResponse&gt;&lt;/s:Body&gt;&lt;/s:Envelope&gt;
	at com.intuit.karate.StepDefs.status(StepDefs.java:491)
	at ✽.Then status 502(C:\Users\Jeffrey\Documents\GitHub\cprmsiquit\target\test-classes\sg\gov\hpb\cprms\iquit\users.feature:208)
</error>
  </testcase>
  <testcase classname="Scenario: Test 11 - Get Particpants valid in valid not in" name="* url &apos;https://internet-cprms-uat.hpb.gov.sg:5556/IQuitParticipantService/ParticipantService.svc&apos;" time="0"/>
  <testcase classname="Scenario: Test 11 - Get Particpants valid in valid not in" name="Given request" time="0"/>
  <testcase classname="Scenario: Test 11 - Get Particpants valid in valid not in" name="When soap action &apos;http://tempuri.org/IParticipantService/GetParticipants&apos;" time="0"/>
  <testcase classname="Scenario: Test 11 - Get Particpants valid in valid not in" name="Then status 201" time="0.002">
    <error message="status code was: 200, expected: 201, response time: 166, url: https://internet-cprms-uat.hpb.gov.sg:5556/IQuitParticipantService/ParticipantService.svc, response: &lt;s:Envelope xmlns:s=&quot;http://schemas.xmlsoap.org/soap/envelope/&quot;&gt;&lt;s:Body&gt;&lt;GetParticipantsResponse xmlns=&quot;http://tempuri.org/&quot;&gt;&lt;GetParticipantsResult xmlns:a=&quot;http://schemas.datacontract.org/2004/07/IQuitParticipantService&quot; xmlns:i=&quot;http://www.w3.org/2001/XMLSchema-instance&quot;&gt;&lt;a:StatusCode&gt;502&lt;/a:StatusCode&gt;&lt;a:StatusMessage&gt; Invalid referenceIds:d9d72c72-3fc0-45f4-9c74-14be8ecea897, d9d72c72-3fc0-9999-9999-14be8ecea897;&lt;/a:StatusMessage&gt;&lt;a:lstParticipantData i:nil=&quot;true&quot;/&gt;&lt;/GetParticipantsResult&gt;&lt;/GetParticipantsResponse&gt;&lt;/s:Body&gt;&lt;/s:Envelope&gt;" type="com.intuit.karate.exception.KarateException">com.intuit.karate.exception.KarateException: status code was: 200, expected: 201, response time: 166, url: https://internet-cprms-uat.hpb.gov.sg:5556/IQuitParticipantService/ParticipantService.svc, response: &lt;s:Envelope xmlns:s=&quot;http://schemas.xmlsoap.org/soap/envelope/&quot;&gt;&lt;s:Body&gt;&lt;GetParticipantsResponse xmlns=&quot;http://tempuri.org/&quot;&gt;&lt;GetParticipantsResult xmlns:a=&quot;http://schemas.datacontract.org/2004/07/IQuitParticipantService&quot; xmlns:i=&quot;http://www.w3.org/2001/XMLSchema-instance&quot;&gt;&lt;a:StatusCode&gt;502&lt;/a:StatusCode&gt;&lt;a:StatusMessage&gt; Invalid referenceIds:d9d72c72-3fc0-45f4-9c74-14be8ecea897, d9d72c72-3fc0-9999-9999-14be8ecea897;&lt;/a:StatusMessage&gt;&lt;a:lstParticipantData i:nil=&quot;true&quot;/&gt;&lt;/GetParticipantsResult&gt;&lt;/GetParticipantsResponse&gt;&lt;/s:Body&gt;&lt;/s:Envelope&gt;
	at com.intuit.karate.StepDefs.status(StepDefs.java:491)
	at ✽.Then status 201(C:\Users\Jeffrey\Documents\GitHub\cprmsiquit\target\test-classes\sg\gov\hpb\cprms\iquit\users.feature:229)
</error>
    <system-out>13:12:50.043 [main] ERROR com.intuit.karate - status code was: 200, expected: 201, response time: 166, url: https://internet-cprms-uat.hpb.gov.sg:5556/IQuitParticipantService/ParticipantService.svc, response: &lt;s:Envelope xmlns:s=&quot;http://schemas.xmlsoap.org/soap/envelope/&quot;&gt;&lt;s:Body&gt;&lt;GetParticipantsResponse xmlns=&quot;http://tempuri.org/&quot;&gt;&lt;GetParticipantsResult xmlns:a=&quot;http://schemas.datacontract.org/2004/07/IQuitParticipantService&quot; xmlns:i=&quot;http://www.w3.org/2001/XMLSchema-instance&quot;&gt;&lt;a:StatusCode&gt;502&lt;/a:StatusCode&gt;&lt;a:StatusMessage&gt; Invalid referenceIds:d9d72c72-3fc0-45f4-9c74-14be8ecea897, d9d72c72-3fc0-9999-9999-14be8ecea897;&lt;/a:StatusMessage&gt;&lt;a:lstParticipantData i:nil=&quot;true&quot;/&gt;&lt;/GetParticipantsResult&gt;&lt;/GetParticipantsResponse&gt;&lt;/s:Body&gt;&lt;/s:Envelope&gt;
</system-out>
  </testcase>
  <testcase classname="Scenario: Test 11 - Get Particpants valid in valid not in" name="Scenario: Test 11 - Get Particpants valid in valid not in" time="0.003">
    <error message="status code was: 200, expected: 201, response time: 166, url: https://internet-cprms-uat.hpb.gov.sg:5556/IQuitParticipantService/ParticipantService.svc, response: &lt;s:Envelope xmlns:s=&quot;http://schemas.xmlsoap.org/soap/envelope/&quot;&gt;&lt;s:Body&gt;&lt;GetParticipantsResponse xmlns=&quot;http://tempuri.org/&quot;&gt;&lt;GetParticipantsResult xmlns:a=&quot;http://schemas.datacontract.org/2004/07/IQuitParticipantService&quot; xmlns:i=&quot;http://www.w3.org/2001/XMLSchema-instance&quot;&gt;&lt;a:StatusCode&gt;502&lt;/a:StatusCode&gt;&lt;a:StatusMessage&gt; Invalid referenceIds:d9d72c72-3fc0-45f4-9c74-14be8ecea897, d9d72c72-3fc0-9999-9999-14be8ecea897;&lt;/a:StatusMessage&gt;&lt;a:lstParticipantData i:nil=&quot;true&quot;/&gt;&lt;/GetParticipantsResult&gt;&lt;/GetParticipantsResponse&gt;&lt;/s:Body&gt;&lt;/s:Envelope&gt;" type="com.intuit.karate.exception.KarateException">com.intuit.karate.exception.KarateException: status code was: 200, expected: 201, response time: 166, url: https://internet-cprms-uat.hpb.gov.sg:5556/IQuitParticipantService/ParticipantService.svc, response: &lt;s:Envelope xmlns:s=&quot;http://schemas.xmlsoap.org/soap/envelope/&quot;&gt;&lt;s:Body&gt;&lt;GetParticipantsResponse xmlns=&quot;http://tempuri.org/&quot;&gt;&lt;GetParticipantsResult xmlns:a=&quot;http://schemas.datacontract.org/2004/07/IQuitParticipantService&quot; xmlns:i=&quot;http://www.w3.org/2001/XMLSchema-instance&quot;&gt;&lt;a:StatusCode&gt;502&lt;/a:StatusCode&gt;&lt;a:StatusMessage&gt; Invalid referenceIds:d9d72c72-3fc0-45f4-9c74-14be8ecea897, d9d72c72-3fc0-9999-9999-14be8ecea897;&lt;/a:StatusMessage&gt;&lt;a:lstParticipantData i:nil=&quot;true&quot;/&gt;&lt;/GetParticipantsResult&gt;&lt;/GetParticipantsResponse&gt;&lt;/s:Body&gt;&lt;/s:Envelope&gt;
	at com.intuit.karate.StepDefs.status(StepDefs.java:491)
	at ✽.Then status 201(C:\Users\Jeffrey\Documents\GitHub\cprmsiquit\target\test-classes\sg\gov\hpb\cprms\iquit\users.feature:229)
</error>
  </testcase>
</testsuite>